<?xml version="1.0" encoding="UTF-8"?>
<testng-results ignored="0" total="2" passed="2" failed="0" skipped="0">
  <reporter-output>
  </reporter-output>
  <suite started-at="2024-05-16T20:10:51 CDT" name="Default suite" finished-at="2024-05-16T20:10:57 CDT" duration-ms="5680">
    <groups>
    </groups>
    <test started-at="2024-05-16T20:10:51 CDT" name="Default test" finished-at="2024-05-16T20:10:57 CDT" duration-ms="5680">
      <class name="practicetest.Dicelogin">
        <test-method is-config="true" signature="methodsetup()[pri:0, instance:practicetest.Dicelogin@55182842]" started-at="2024-05-16T20:10:51 CDT" name="methodsetup" finished-at="2024-05-16T20:10:53 CDT" duration-ms="2076" status="PASS">
          <reporter-output>
          </reporter-output>
        </test-method> <!-- methodsetup -->
        <test-method signature="loginfailure()[pri:0, instance:practicetest.Dicelogin@55182842]" started-at="2024-05-16T20:10:53 CDT" name="loginfailure" finished-at="2024-05-16T20:10:55 CDT" duration-ms="1554" status="PASS">
          <reporter-output>
          </reporter-output>
        </test-method> <!-- loginfailure -->
        <test-method signature="loginsuccess()[pri:0, instance:practicetest.Dicelogin@55182842]" started-at="2024-05-16T20:10:55 CDT" name="loginsuccess" finished-at="2024-05-16T20:10:56 CDT" duration-ms="1355" status="PASS">
          <reporter-output>
          </reporter-output>
        </test-method> <!-- loginsuccess -->
        <test-method is-config="true" signature="methodTeardown()[pri:0, instance:practicetest.Dicelogin@55182842]" started-at="2024-05-16T20:10:56 CDT" name="methodTeardown" finished-at="2024-05-16T20:10:57 CDT" duration-ms="662" status="PASS">
          <reporter-output>
          </reporter-output>
        </test-method> <!-- methodTeardown -->
      </class> <!-- practicetest.Dicelogin -->
    </test> <!-- Default test -->
  </suite> <!-- Default suite -->
</testng-results>
